Failed to sync to Firebase: Error: Value for argument "data" is not a valid Firestore document. Cannot use "undefined" as a Firestore value (found in field "users.`1`.agriStackId"). If you want to ignore undefined values, enable `ignoreUndefinedProperties`.
    at validateUserInput (C:\Users\YUVAN\OneDrive\Desktop\Smart India Hackathon Final preps\Grand finale\Grand finale\server\node_modules\@google-cloud\firestore\build\src\serializer.js:383:19)
    at validateUserInput (C:\Users\YUVAN\OneDrive\Desktop\Smart India Hackathon Final preps\Grand finale\Grand finale\server\node_modules\@google-cloud\firestore\build\src\serializer.js:375:13)
    at validateUserInput (C:\Users\YUVAN\OneDrive\Desktop\Smart India Hackathon Final preps\Grand finale\Grand finale\server\node_modules\@google-cloud\firestore\build\src\serializer.js:369:13)
    at validateUserInput (C:\Users\YUVAN\OneDrive\Desktop\Smart India Hackathon Final preps\Grand finale\Grand finale\server\node_modules\@google-cloud\firestore\build\src\serializer.js:375:13)
    at validateDocumentData (C:\Users\YUVAN\OneDrive\Desktop\Smart India Hackathon Final preps\Grand finale\Grand finale\server\node_modules\@google-cloud\firestore\build\src\write-batch.js:609:40)
    at WriteBatch.set (C:\Users\YUVAN\OneDrive\Desktop\Smart India Hackathon Final preps\Grand finale\Grand finale\server\node_modules\@google-cloud\firestore\build\src\write-batch.js:263:9)
    at syncToFirebase (C:\Users\YUVAN\OneDrive\Desktop\Smart India Hackathon Final preps\Grand finale\Grand finale\server\utils\jsonDb.js:48:20)
    at writeDb (C:\Users\YUVAN\OneDrive\Desktop\Smart India Hackathon Final preps\Grand finale\Grand finale\server\utils\jsonDb.js:33:5)
    at exports.signup (C:\Users\YUVAN\OneDrive\Desktop\Smart India Hackathon Final preps\Grand finale\Grand finale\server\controllers\authController.js:69:9)
Failed to sync to Firebase: Error: Value for argument "data" is not a valid Firestore document. Cannot use "undefined" as a Firestore value (found in field "users.`2`.agriStackId"). If you want to ignore undefined values, enable `ignoreUndefinedProperties`.
    at validateUserInput (C:\Users\YUVAN\OneDrive\Desktop\Smart India Hackathon Final preps\Grand finale\Grand finale\server\node_modules\@google-cloud\firestore\build\src\serializer.js:383:19)
    at validateUserInput (C:\Users\YUVAN\OneDrive\Desktop\Smart India Hackathon Final preps\Grand finale\Grand finale\server\node_modules\@google-cloud\firestore\build\src\serializer.js:375:13)
    at validateUserInput (C:\Users\YUVAN\OneDrive\Desktop\Smart India Hackathon Final preps\Grand finale\Grand finale\server\node_modules\@google-cloud\firestore\build\src\serializer.js:369:13)
    at validateUserInput (C:\Users\YUVAN\OneDrive\Desktop\Smart India Hackathon Final preps\Grand finale\Grand finale\server\node_modules\@google-cloud\firestore\build\src\serializer.js:375:13)
    at validateDocumentData (C:\Users\YUVAN\OneDrive\Desktop\Smart India Hackathon Final preps\Grand finale\Grand finale\server\node_modules\@google-cloud\firestore\build\src\write-batch.js:609:40)
    at WriteBatch.set (C:\Users\YUVAN\OneDrive\Desktop\Smart India Hackathon Final preps\Grand finale\Grand finale\server\node_modules\@google-cloud\firestore\build\src\write-batch.js:263:9)
    at syncToFirebase (C:\Users\YUVAN\OneDrive\Desktop\Smart India Hackathon Final preps\Grand finale\Grand finale\server\utils\jsonDb.js:48:20)
    at writeDb (C:\Users\YUVAN\OneDrive\Desktop\Smart India Hackathon Final preps\Grand finale\Grand finale\server\utils\jsonDb.js:33:5)
    at exports.signup (C:\Users\YUVAN\OneDrive\Desktop\Smart India Hackathon Final preps\Grand finale\Grand finale\server\controllers\authController.js:69:9)
